06-04-2020 21:15:26 - Erro: O servidor SMTP recusou a senha!
06-04-2020 21:15:27 - Erro: O servidor SMTP recusou a senha!
06-04-2020 21:15:52 - Erro: O servidor SMTP recusou a senha!
06-04-2020 21:17:23 - Erro: O servidor SMTP recusou a senha!
06-04-2020 21:17:25 - Erro: O servidor SMTP recusou a senha!
08-04-2020 18:46:09 - Erro: O servidor SMTP recusou a senha!
08-04-2020 18:46:10 - Erro: O servidor SMTP recusou a senha!
08-04-2020 18:48:04 - Erro: O servidor SMTP recusou a senha!
08-04-2020 18:48:12 - Erro: O servidor SMTP recusou a senha!
12-05-2020 14:55:26 - Invalid API key
12-05-2020 14:55:27 - Invalid API key
12-05-2020 14:58:55 - Invalid API key
12-05-2020 14:58:56 - Invalid API key
12-05-2020 15:34:04 - Invalid API key
12-05-2020 15:34:04 - Invalid API key
12-05-2020 16:14:29 - Invalid API key
12-05-2020 16:14:29 - Invalid API key
12-05-2020 17:59:54 - Invalid API key
12-05-2020 17:59:54 - Invalid API key
12-05-2020 18:18:17 - Erro: O servidor SMTP recusou a senha!
12-05-2020 18:18:23 - Erro: O servidor SMTP recusou a senha!
12-05-2020 18:20:17 - Erro: O servidor SMTP recusou a senha!
12-05-2020 18:20:23 - Erro: O servidor SMTP recusou a senha!
12-05-2020 18:21:07 - Invalid API key
12-05-2020 18:21:07 - Invalid API key
13-05-2020 13:34:04 - Invalid API key
13-05-2020 13:34:04 - Invalid API key
13-05-2020 14:29:18 - Invalid API key
13-05-2020 14:29:18 - Invalid API key
13-05-2020 14:56:46 - Invalid API key
13-05-2020 14:56:46 - Invalid API key
13-05-2020 15:30:13 - Invalid API key
13-05-2020 15:30:13 - Invalid API key
13-05-2020 15:31:27 - Invalid API key
13-05-2020 15:31:27 - Invalid API key
13-05-2020 15:35:11 - Invalid API key
13-05-2020 15:35:11 - Invalid API key
13-05-2020 15:36:50 - Invalid API key
13-05-2020 15:36:50 - Invalid API key
13-05-2020 15:43:03 - Invalid API key
13-05-2020 15:43:03 - Invalid API key
13-05-2020 15:51:34 - Invalid API key
13-05-2020 15:51:34 - Invalid API key
13-05-2020 16:11:36 - Invalid API key
13-05-2020 16:11:36 - Invalid API key
13-05-2020 16:13:00 - Invalid API key
13-05-2020 16:13:00 - Invalid API key
13-05-2020 16:14:05 - Invalid API key
13-05-2020 16:14:05 - Invalid API key
13-05-2020 16:15:56 - Invalid API key
13-05-2020 16:15:56 - Invalid API key
13-05-2020 16:16:56 - Invalid API key
13-05-2020 16:16:57 - Invalid API key
13-05-2020 16:18:35 - Invalid API key
13-05-2020 16:18:35 - Invalid API key
13-05-2020 16:26:44 - Invalid API key
13-05-2020 16:26:44 - Invalid API key
13-05-2020 16:50:33 - Erro: O servidor SMTP recusou a senha!
13-05-2020 16:50:35 - Erro: O servidor SMTP recusou a senha!
13-05-2020 16:51:38 - Erro: O servidor SMTP recusou a senha!
13-05-2020 16:51:40 - Erro: O servidor SMTP recusou a senha!
13-05-2020 16:56:32 - Erro: O servidor SMTP recusou a senha!
13-05-2020 16:56:34 - Erro: O servidor SMTP recusou a senha!
13-05-2020 17:01:32 - Erro:  (0)
13-05-2020 17:01:32 - Erro:  (0)
13-05-2020 17:03:21 - Erro:  (0)
13-05-2020 17:03:21 - Erro:  (0)
13-05-2020 17:04:53 - Erro: O servidor SMTP recusou a senha!
13-05-2020 17:04:55 - Erro: O servidor SMTP recusou a senha!
13-05-2020 17:08:46 - Erro: O servidor SMTP recusou a senha!
13-05-2020 17:08:47 - Erro: O servidor SMTP recusou a senha!
13-05-2020 18:10:36 - Erro: O servidor SMTP recusou a senha!
13-05-2020 18:10:38 - Erro: O servidor SMTP recusou a senha!
13-05-2020 18:11:35 - Erro: O servidor SMTP recusou a senha!
13-05-2020 18:11:36 - Erro: O servidor SMTP recusou a senha!
13-05-2020 18:25:11 - Erro: php_network_getaddresses: getaddrinfo failed: Temporary failure in name resolution (0)
13-05-2020 18:25:11 - Erro: php_network_getaddresses: getaddrinfo failed: Temporary failure in name resolution (0)
13-05-2020 18:26:04 - Erro: O servidor SMTP recusou a senha!
13-05-2020 19:20:50 - Erro: O servidor SMTP recusou a senha!
13-05-2020 19:20:51 - Erro: O servidor SMTP recusou a senha!
13-05-2020 19:29:54 - Erro: O servidor SMTP recusou a senha!
13-05-2020 19:29:55 - Erro: O servidor SMTP recusou a senha!
13-05-2020 19:36:19 - Erro: O servidor SMTP recusou a autenticação!
13-05-2020 19:36:19 - Erro: O servidor SMTP recusou a autenticação!
13-05-2020 19:47:21 - Erro: O servidor SMTP recusou a cláusula EHLO!
13-05-2020 19:47:26 - Erro: O servidor SMTP recusou a cláusula EHLO!
13-05-2020 19:52:03 - Erro: O servidor SMTP recusou a cláusula EHLO!
13-05-2020 19:52:08 - Erro: O servidor SMTP recusou a cláusula EHLO!
13-05-2020 19:53:31 - Erro: O servidor SMTP recusou a cláusula EHLO!
13-05-2020 19:53:32 - Erro: O servidor SMTP recusou a cláusula EHLO!
14-05-2020 13:14:46 - Erro: O servidor SMTP recusou a senha!
14-05-2020 13:14:47 - Erro: O servidor SMTP recusou a senha!
14-05-2020 13:41:52 - Erro: O servidor SMTP recusou a senha!
14-05-2020 13:41:54 - Erro: O servidor SMTP recusou a senha!
14-05-2020 14:40:24 - Erro: O servidor SMTP recusou a senha!
14-05-2020 14:40:25 - Erro: O servidor SMTP recusou a senha!
14-05-2020 14:40:51 - Erro: php_network_getaddresses: getaddrinfo failed: Name or service not known (0)
14-05-2020 14:40:51 - Erro: php_network_getaddresses: getaddrinfo failed: Name or service not known (0)
14-05-2020 14:42:43 - Erro: php_network_getaddresses: getaddrinfo failed: Name or service not known (0)
14-05-2020 14:42:43 - Erro: php_network_getaddresses: getaddrinfo failed: Name or service not known (0)
14-05-2020 14:58:21 - Erro: O servidor SMTP recusou a senha!
14-05-2020 14:58:23 - Erro: O servidor SMTP recusou a senha!
14-05-2020 15:48:38 - Erro: O servidor SMTP recusou a senha!
14-05-2020 15:48:44 - Erro: O servidor SMTP recusou a senha!
14-05-2020 16:12:20 - Invalid API key
14-05-2020 16:12:20 - Invalid API key
14-05-2020 16:13:12 - Invalid API key
14-05-2020 16:13:13 - Invalid API key
14-05-2020 16:44:53 - Error: Mandrill requires smtp_password for API Key
14-05-2020 16:44:53 - Error: Mandrill requires smtp_password for API Key
14-05-2020 16:45:30 - Error: Mandrill requires smtp_password for API Key
14-05-2020 16:45:30 - Error: Mandrill requires smtp_password for API Key
14-05-2020 17:07:45 - Invalid API key
14-05-2020 17:07:45 - Invalid API key
14-05-2020 17:16:04 - Erro: php_network_getaddresses: getaddrinfo failed: Name or service not known (0)
14-05-2020 17:16:04 - Erro: php_network_getaddresses: getaddrinfo failed: Name or service not known (0)
14-05-2020 17:18:23 - Erro: O servidor SMTP recusou a senha!
14-05-2020 17:18:25 - Erro: O servidor SMTP recusou a senha!
14-05-2020 17:20:46 - Erro: php_network_getaddresses: getaddrinfo failed: Name or service not known (0)
14-05-2020 17:20:46 - Erro: php_network_getaddresses: getaddrinfo failed: Name or service not known (0)
14-05-2020 17:25:08 - Erro: O servidor SMTP recusou a senha!
14-05-2020 17:25:10 - Erro: O servidor SMTP recusou a senha!
14-05-2020 17:41:32 - Erro: O servidor SMTP recusou a senha!
14-05-2020 17:41:34 - Erro: O servidor SMTP recusou a senha!
14-05-2020 17:43:04 - Erro: O servidor SMTP recusou a senha!
14-05-2020 17:43:06 - Erro: O servidor SMTP recusou a senha!
14-05-2020 20:02:24 - Erro: O servidor SMTP recusou a senha!
14-05-2020 20:02:26 - Erro: O servidor SMTP recusou a senha!
14-05-2020 20:04:45 - Erro: O servidor SMTP recusou a senha!
14-05-2020 20:04:51 - Erro: O servidor SMTP recusou a senha!
14-05-2020 20:06:57 - Erro: O servidor SMTP recusou a senha!
14-05-2020 20:07:03 - Erro: O servidor SMTP recusou a senha!
15-05-2020 12:39:02 - Erro: O servidor SMTP recusou a senha!
15-05-2020 12:39:08 - Erro: O servidor SMTP recusou a senha!
15-05-2020 12:42:08 - Erro: O servidor SMTP recusou a senha!
15-05-2020 12:42:14 - Erro: O servidor SMTP recusou a senha!
15-05-2020 13:05:41 - Erro: O servidor SMTP recusou a senha!
15-05-2020 13:05:43 - Erro: O servidor SMTP recusou a senha!
15-05-2020 13:07:36 - Erro: O servidor SMTP recusou a senha!
15-05-2020 13:07:42 - Erro: O servidor SMTP recusou a senha!
15-05-2020 13:07:44 - Erro: O servidor SMTP recusou a senha!
15-05-2020 13:08:45 - Erro: O servidor SMTP recusou a senha!
15-05-2020 13:08:47 - Erro: O servidor SMTP recusou a senha!
15-05-2020 13:08:53 - Erro: O servidor SMTP recusou a senha!
15-05-2020 13:13:10 - Invalid API key
15-05-2020 13:13:10 - Invalid API key
15-05-2020 13:13:10 - Invalid API key
15-05-2020 13:13:43 - Invalid API key
15-05-2020 13:13:44 - Invalid API key
15-05-2020 13:13:44 - Invalid API key
15-05-2020 14:02:25 - Erro: O servidor SMTP recusou a senha!
15-05-2020 14:02:31 - Erro: O servidor SMTP recusou a senha!
15-05-2020 14:02:37 - Erro: O servidor SMTP recusou a senha!
15-05-2020 14:02:43 - Erro: O servidor SMTP recusou a senha!
15-05-2020 14:17:24 - Erro: O servidor SMTP recusou a senha!
15-05-2020 14:17:26 - Erro: O servidor SMTP recusou a senha!
15-05-2020 14:17:32 - Erro: O servidor SMTP recusou a senha!
15-05-2020 14:17:38 - Erro: O servidor SMTP recusou a senha!
15-05-2020 14:18:53 - Erro: O servidor SMTP recusou a senha!
15-05-2020 14:18:55 - Erro: O servidor SMTP recusou a senha!
15-05-2020 14:19:01 - Erro: O servidor SMTP recusou a senha!
15-05-2020 14:19:07 - Erro: O servidor SMTP recusou a senha!
19-05-2020 12:31:26 - Erro: php_network_getaddresses: getaddrinfo failed: Name or service not known (0)
19-05-2020 12:31:26 - Erro: php_network_getaddresses: getaddrinfo failed: Name or service not known (0)
19-05-2020 12:31:26 - Erro: php_network_getaddresses: getaddrinfo failed: Name or service not known (0)
19-05-2020 12:31:26 - Erro: php_network_getaddresses: getaddrinfo failed: Name or service not known (0)
19-05-2020 12:31:54 - Erro: php_network_getaddresses: getaddrinfo failed: Name or service not known (0)
19-05-2020 12:31:54 - Erro: php_network_getaddresses: getaddrinfo failed: Name or service not known (0)
19-05-2020 12:31:54 - Erro: php_network_getaddresses: getaddrinfo failed: Name or service not known (0)
19-05-2020 12:31:54 - Erro: php_network_getaddresses: getaddrinfo failed: Name or service not known (0)
19-05-2020 12:32:49 - Erro: php_network_getaddresses: getaddrinfo failed: Name or service not known (0)
19-05-2020 12:32:49 - Erro: php_network_getaddresses: getaddrinfo failed: Name or service not known (0)
19-05-2020 12:32:49 - Erro: php_network_getaddresses: getaddrinfo failed: Name or service not known (0)
19-05-2020 12:32:49 - Erro: php_network_getaddresses: getaddrinfo failed: Name or service not known (0)
