04-06-2020 15:42:38 - PHP Notice:  Undefined index: cod_Barras no arquivo /root/storages/storageBanana/storage/modification/catalog/controller/product/product.php na linha 231
04-06-2020 15:48:48 - PHP Notice:  Undefined index: cod_Barras no arquivo /root/storages/storageBanana/storage/modification/catalog/controller/product/product.php na linha 231
04-06-2020 15:51:51 - Error:  Class 'Controllerproductproduct' not found no arquivo /root/storages/storageBanana/storage/modification/system/engine/action.php na linha 71
04-06-2020 15:54:31 - ParseError:  syntax error, unexpected '$this' (T_VARIABLE) no arquivo /root/storages/storageBanana/storage/modification/catalog/controller/product/product.php na linha 16
04-06-2020 15:54:33 - ParseError:  syntax error, unexpected '$this' (T_VARIABLE) no arquivo /root/storages/storageBanana/storage/modification/catalog/controller/product/product.php na linha 16
04-06-2020 15:59:01 - PHP Warning:  A non-numeric value encountered no arquivo /root/storages/storageBanana/storage/modification/catalog/controller/product/category.php na linha 209
04-06-2020 15:59:01 - PHP Warning:  A non-numeric value encountered no arquivo /root/storages/storageBanana/storage/modification/catalog/controller/product/category.php na linha 209
04-06-2020 15:59:01 - PHP Warning:  A non-numeric value encountered no arquivo /root/storages/storageBanana/storage/modification/catalog/controller/product/category.php na linha 209
04-06-2020 15:59:01 - PHP Warning:  A non-numeric value encountered no arquivo /root/storages/storageBanana/storage/modification/catalog/controller/product/category.php na linha 209
04-06-2020 15:59:01 - PHP Warning:  A non-numeric value encountered no arquivo /root/storages/storageBanana/storage/modification/catalog/controller/product/category.php na linha 209
04-06-2020 15:59:01 - PHP Warning:  A non-numeric value encountered no arquivo /root/storages/storageBanana/storage/modification/catalog/controller/product/category.php na linha 209
04-06-2020 15:59:01 - PHP Warning:  A non-numeric value encountered no arquivo /root/storages/storageBanana/storage/modification/catalog/controller/product/category.php na linha 209
04-06-2020 15:59:01 - PHP Warning:  A non-numeric value encountered no arquivo /root/storages/storageBanana/storage/modification/catalog/controller/product/category.php na linha 209
04-06-2020 15:59:01 - PHP Warning:  A non-numeric value encountered no arquivo /root/storages/storageBanana/storage/modification/catalog/controller/product/category.php na linha 209
04-06-2020 15:59:01 - PHP Warning:  A non-numeric value encountered no arquivo /root/storages/storageBanana/storage/modification/catalog/controller/product/category.php na linha 209
04-06-2020 15:59:01 - PHP Warning:  A non-numeric value encountered no arquivo /root/storages/storageBanana/storage/modification/catalog/controller/product/category.php na linha 209
04-06-2020 15:59:01 - PHP Warning:  A non-numeric value encountered no arquivo /root/storages/storageBanana/storage/modification/catalog/controller/product/category.php na linha 209
04-06-2020 15:59:01 - PHP Warning:  A non-numeric value encountered no arquivo /root/storages/storageBanana/storage/modification/catalog/controller/product/category.php na linha 209
04-06-2020 15:59:01 - PHP Warning:  A non-numeric value encountered no arquivo /root/storages/storageBanana/storage/modification/catalog/controller/product/category.php na linha 209
04-06-2020 15:59:01 - PHP Warning:  A non-numeric value encountered no arquivo /root/storages/storageBanana/storage/modification/catalog/controller/product/category.php na linha 209
04-06-2020 16:11:45 - Error:  Class 'Controllercheckoutcart' not found no arquivo /root/storages/storageBanana/storage/modification/system/engine/action.php na linha 71
04-06-2020 16:14:26 - ParseError:  syntax error, unexpected ';', expecting ')' no arquivo /var/www/html/bananatoy/catalog/controller/checkout/cart.php na linha 147
04-06-2020 16:24:52 - PHP Warning:  sprintf(): Too few arguments no arquivo /var/www/html/bananatoy/catalog/controller/common/cart.php na linha 52
04-06-2020 16:29:37 - PHP Notice:  Undefined index: price no arquivo /var/www/html/bananatoy/catalog/controller/common/cart.php na linha 108
04-06-2020 16:30:18 - PHP Warning:  A non-numeric value encountered no arquivo /var/www/html/bananatoy/catalog/controller/common/cart.php na linha 108
04-06-2020 17:18:50 - Twig_Error_Syntax:  Unexpected "}" in "default/template/checkout/confirm.twig" at line 51. no arquivo /var/www/html/bananatoy/system/library/template/Twig/Lexer.php na linha 262
04-06-2020 18:35:14 - Exception:  Erro: Não foi possível conectar-se ao banco de dados! no arquivo /var/www/html/bananatoy/system/library/db/mysqli.php na linha 13
